[ 1229476ms] [ERROR] Failed to load resource: the server responded with a status of 404 (Not Found) @ http://localhost:4321/img/candidatos/jose-williams.webp:0
[ 1229477ms] [ERROR] Failed to load resource: the server responded with a status of 404 (Not Found) @ http://localhost:4321/img/candidatos/alvaro-paz.webp:0
[ 1229477ms] [ERROR] Failed to load resource: the server responded with a status of 404 (Not Found) @ http://localhost:4321/img/candidatos/charlie-carrasco.webp:0
[ 1229477ms] [ERROR] Failed to load resource: the server responded with a status of 404 (Not Found) @ http://localhost:4321/img/candidatos/jorge-nieto.webp:0
[ 1229523ms] [ERROR] Failed to load resource: the server responded with a status of 404 (Not Found) @ http://localhost:4321/img/candidatos/rosario-fernandez.webp:0
[ 1229527ms] [ERROR] Failed to load resource: the server responded with a status of 404 (Not Found) @ http://localhost:4321/img/candidatos/antonio-ortiz.webp:0
[ 1229527ms] [ERROR] Failed to load resource: the server responded with a status of 404 (Not Found) @ http://localhost:4321/img/candidatos/carlos-alvarez.webp:0
[ 1229533ms] [ERROR] Failed to load resource: the server responded with a status of 404 (Not Found) @ http://localhost:4321/img/candidatos/carlos-espa.webp:0
[ 1229536ms] [ERROR] Failed to load resource: the server responded with a status of 404 (Not Found) @ http://localhost:4321/img/candidatos/carlos-jaico.webp:0
[ 1229540ms] [ERROR] Failed to load resource: the server responded with a status of 404 (Not Found) @ http://localhost:4321/img/candidatos/francisco-diez-canseco.webp:0
[ 1229548ms] [ERROR] Failed to load resource: the server responded with a status of 404 (Not Found) @ http://localhost:4321/img/candidatos/rafael-belaunde.webp:0
[ 1229551ms] [ERROR] Failed to load resource: the server responded with a status of 404 (Not Found) @ http://localhost:4321/img/candidatos/jose-williams.webp:0
[ 1229554ms] [ERROR] Failed to load resource: the server responded with a status of 404 (Not Found) @ http://localhost:4321/img/candidatos/joaquin-masse.webp:0
[ 1229559ms] [ERROR] Failed to load resource: the server responded with a status of 404 (Not Found) @ http://localhost:4321/img/candidatos/paul-jaimes.webp:0
[ 1229566ms] [ERROR] Failed to load resource: the server responded with a status of 404 (Not Found) @ http://localhost:4321/img/candidatos/ronald-atencio.webp:0
[ 1229568ms] [ERROR] Failed to load resource: the server responded with a status of 404 (Not Found) @ http://localhost:4321/img/candidatos/vladimir-cerron.webp:0
[ 1229574ms] [ERROR] Failed to load resource: the server responded with a status of 404 (Not Found) @ http://localhost:4321/img/candidatos/roberto-sanchez.webp:0
[ 1229577ms] [ERROR] Failed to load resource: the server responded with a status of 404 (Not Found) @ http://localhost:4321/img/candidatos/lopez-aliaga.webp:0
[ 1229582ms] [ERROR] Failed to load resource: the server responded with a status of 404 (Not Found) @ http://localhost:4321/img/candidatos/jose-williams.webp:0
[ 1229584ms] [ERROR] Failed to load resource: the server responded with a status of 404 (Not Found) @ http://localhost:4321/img/candidatos/alfonso-lopez-chau.webp:0
[ 1229586ms] [ERROR] Failed to load resource: the server responded with a status of 404 (Not Found) @ http://localhost:4321/img/candidatos/marisol-perez-tello.webp:0
[ 1229591ms] [ERROR] Failed to load resource: the server responded with a status of 404 (Not Found) @ http://localhost:4321/img/candidatos/ricardo-belmont.webp:0
[ 1229594ms] [ERROR] Failed to load resource: the server responded with a status of 404 (Not Found) @ http://localhost:4321/img/candidatos/fernando-olivera.webp:0
[ 1229600ms] [ERROR] Failed to load resource: the server responded with a status of 404 (Not Found) @ http://localhost:4321/img/candidatos/mesias-guevara.webp:0
[ 1229602ms] [ERROR] Failed to load resource: the server responded with a status of 404 (Not Found) @ http://localhost:4321/img/candidatos/yonhy-lescano.webp:0
[ 1229608ms] [ERROR] Failed to load resource: the server responded with a status of 404 (Not Found) @ http://localhost:4321/img/candidatos/alvaro-paz.webp:0
[ 1229609ms] [ERROR] Failed to load resource: the server responded with a status of 404 (Not Found) @ http://localhost:4321/img/candidatos/george-forsyth.webp:0
[ 1229611ms] [ERROR] Failed to load resource: the server responded with a status of 404 (Not Found) @ http://localhost:4321/img/candidatos/armando-masse.webp:0
[ 1229618ms] [ERROR] Failed to load resource: the server responded with a status of 404 (Not Found) @ http://localhost:4321/img/candidatos/jose-luna-galvez.webp:0
[ 1229623ms] [ERROR] Failed to load resource: the server responded with a status of 404 (Not Found) @ http://localhost:4321/img/candidatos/keiko-fujimori.webp:0
[ 1229626ms] [ERROR] Failed to load resource: the server responded with a status of 404 (Not Found) @ http://localhost:4321/img/candidatos/napoleon-becerra.webp:0
[ 1229631ms] [ERROR] Failed to load resource: the server responded with a status of 404 (Not Found) @ http://localhost:4321/img/candidatos/walter-chirinos.webp:0
[ 1229639ms] [ERROR] Failed to load resource: the server responded with a status of 404 (Not Found) @ http://localhost:4321/img/candidatos/charlie-carrasco.webp:0
[ 1229647ms] [ERROR] Failed to load resource: the server responded with a status of 404 (Not Found) @ http://localhost:4321/img/candidatos/fiorella-molinelli.webp:0
[ 1229655ms] [ERROR] Failed to load resource: the server responded with a status of 404 (Not Found) @ http://localhost:4321/img/candidatos/roberto-chiabra.webp:0
[ 1229659ms] [ERROR] Failed to load resource: the server responded with a status of 404 (Not Found) @ http://localhost:4321/img/candidatos/cesar-acuna.webp:0
[ 1229661ms] [ERROR] Failed to load resource: the server responded with a status of 404 (Not Found) @ http://localhost:4321/img/candidatos/mario-vizcarra.webp:0
[ 1229668ms] [ERROR] Failed to load resource: the server responded with a status of 404 (Not Found) @ http://localhost:4321/img/candidatos/alfredo-barnechea.webp:0
[ 1229673ms] [ERROR] Failed to load resource: the server responded with a status of 404 (Not Found) @ http://localhost:4321/img/candidatos/herbert-kaller.webp:0
[ 1229675ms] [ERROR] Failed to load resource: the server responded with a status of 404 (Not Found) @ http://localhost:4321/img/candidatos/jorge-nieto.webp:0
[ 1229676ms] [ERROR] Failed to load resource: the server responded with a status of 404 (Not Found) @ http://localhost:4321/img/candidatos/wolfgang-grozo.webp:0
[ 1229677ms] [ERROR] Failed to load resource: the server responded with a status of 404 (Not Found) @ http://localhost:4321/img/candidatos/rosario-fernandez.webp:0
[ 1229685ms] [ERROR] Failed to load resource: the server responded with a status of 404 (Not Found) @ http://localhost:4321/img/candidatos/rafael-belaunde.webp:0
[ 1229690ms] [ERROR] Failed to load resource: the server responded with a status of 404 (Not Found) @ http://localhost:4321/img/candidatos/antonio-ortiz.webp:0
[ 1229693ms] [ERROR] Failed to load resource: the server responded with a status of 404 (Not Found) @ http://localhost:4321/img/candidatos/carlos-alvarez.webp:0
[ 1229694ms] [ERROR] Failed to load resource: the server responded with a status of 404 (Not Found) @ http://localhost:4321/img/candidatos/carlos-espa.webp:0
[ 1229699ms] [ERROR] Failed to load resource: the server responded with a status of 404 (Not Found) @ http://localhost:4321/img/candidatos/carlos-jaico.webp:0
[ 1229703ms] [ERROR] Failed to load resource: the server responded with a status of 404 (Not Found) @ http://localhost:4321/img/candidatos/francisco-diez-canseco.webp:0
[ 1229710ms] [ERROR] Failed to load resource: the server responded with a status of 404 (Not Found) @ http://localhost:4321/img/candidatos/joaquin-masse.webp:0
[ 1229713ms] [ERROR] Failed to load resource: the server responded with a status of 404 (Not Found) @ http://localhost:4321/img/candidatos/paul-jaimes.webp:0
[ 1229716ms] [ERROR] Failed to load resource: the server responded with a status of 404 (Not Found) @ http://localhost:4321/img/candidatos/ronald-atencio.webp:0
[ 1229719ms] [ERROR] Failed to load resource: the server responded with a status of 404 (Not Found) @ http://localhost:4321/img/candidatos/vladimir-cerron.webp:0
[ 1229725ms] [ERROR] Failed to load resource: the server responded with a status of 404 (Not Found) @ http://localhost:4321/img/candidatos/roberto-sanchez.webp:0
[ 1229728ms] [ERROR] Failed to load resource: the server responded with a status of 404 (Not Found) @ http://localhost:4321/img/candidatos/lopez-aliaga.webp:0
[ 1229733ms] [ERROR] Failed to load resource: the server responded with a status of 404 (Not Found) @ http://localhost:4321/img/candidatos/alfonso-lopez-chau.webp:0
[ 1229735ms] [ERROR] Failed to load resource: the server responded with a status of 404 (Not Found) @ http://localhost:4321/img/candidatos/marisol-perez-tello.webp:0
[ 1229736ms] [ERROR] Failed to load resource: the server responded with a status of 404 (Not Found) @ http://localhost:4321/img/candidatos/ricardo-belmont.webp:0
[ 1229741ms] [ERROR] Failed to load resource: the server responded with a status of 404 (Not Found) @ http://localhost:4321/img/candidatos/fernando-olivera.webp:0
[ 1229743ms] [ERROR] Failed to load resource: the server responded with a status of 404 (Not Found) @ http://localhost:4321/img/candidatos/mesias-guevara.webp:0
[ 1229745ms] [ERROR] Failed to load resource: the server responded with a status of 404 (Not Found) @ http://localhost:4321/img/candidatos/yonhy-lescano.webp:0
[ 1229749ms] [ERROR] Failed to load resource: the server responded with a status of 404 (Not Found) @ http://localhost:4321/img/candidatos/george-forsyth.webp:0
[ 1229751ms] [ERROR] Failed to load resource: the server responded with a status of 404 (Not Found) @ http://localhost:4321/img/candidatos/armando-masse.webp:0
[ 1229753ms] [ERROR] Failed to load resource: the server responded with a status of 404 (Not Found) @ http://localhost:4321/img/candidatos/jose-luna-galvez.webp:0
[ 1229759ms] [ERROR] Failed to load resource: the server responded with a status of 404 (Not Found) @ http://localhost:4321/img/candidatos/keiko-fujimori.webp:0
[ 1229761ms] [ERROR] Failed to load resource: the server responded with a status of 404 (Not Found) @ http://localhost:4321/img/candidatos/napoleon-becerra.webp:0
[ 1229764ms] [ERROR] Failed to load resource: the server responded with a status of 404 (Not Found) @ http://localhost:4321/img/candidatos/walter-chirinos.webp:0
[ 1229767ms] [ERROR] Failed to load resource: the server responded with a status of 404 (Not Found) @ http://localhost:4321/img/candidatos/fiorella-molinelli.webp:0
[ 1229773ms] [ERROR] Failed to load resource: the server responded with a status of 404 (Not Found) @ http://localhost:4321/img/candidatos/roberto-chiabra.webp:0
[ 1229775ms] [ERROR] Failed to load resource: the server responded with a status of 404 (Not Found) @ http://localhost:4321/img/candidatos/cesar-acuna.webp:0
[ 1229777ms] [ERROR] Failed to load resource: the server responded with a status of 404 (Not Found) @ http://localhost:4321/img/candidatos/mario-vizcarra.webp:0
[ 1229779ms] [ERROR] Failed to load resource: the server responded with a status of 404 (Not Found) @ http://localhost:4321/img/candidatos/alfredo-barnechea.webp:0
[ 1229783ms] [ERROR] Failed to load resource: the server responded with a status of 404 (Not Found) @ http://localhost:4321/img/candidatos/herbert-kaller.webp:0
[ 1229790ms] [ERROR] Failed to load resource: the server responded with a status of 404 (Not Found) @ http://localhost:4321/img/candidatos/wolfgang-grozo.webp:0
[ 1244525ms] [ERROR] Failed to load resource: the server responded with a status of 404 (Not Found) @ http://localhost:4321/img/candidatos/jose-williams.webp:0
[ 1244525ms] [ERROR] Failed to load resource: the server responded with a status of 404 (Not Found) @ http://localhost:4321/img/candidatos/alvaro-paz.webp:0
[ 1244525ms] [ERROR] Failed to load resource: the server responded with a status of 404 (Not Found) @ http://localhost:4321/img/candidatos/charlie-carrasco.webp:0
[ 1244525ms] [ERROR] Failed to load resource: the server responded with a status of 404 (Not Found) @ http://localhost:4321/img/candidatos/jorge-nieto.webp:0
[ 1244527ms] [ERROR] Failed to load resource: the server responded with a status of 404 (Not Found) @ http://localhost:4321/img/candidatos/rosario-fernandez.webp:0
[ 1244530ms] [ERROR] Failed to load resource: the server responded with a status of 404 (Not Found) @ http://localhost:4321/img/candidatos/rafael-belaunde.webp:0
[ 1244532ms] [ERROR] Failed to load resource: the server responded with a status of 404 (Not Found) @ http://localhost:4321/img/candidatos/antonio-ortiz.webp:0
[ 1244533ms] [ERROR] Failed to load resource: the server responded with a status of 404 (Not Found) @ http://localhost:4321/img/candidatos/carlos-alvarez.webp:0
[ 1244534ms] [ERROR] Failed to load resource: the server responded with a status of 404 (Not Found) @ http://localhost:4321/img/candidatos/carlos-espa.webp:0
[ 1244536ms] [ERROR] Failed to load resource: the server responded with a status of 404 (Not Found) @ http://localhost:4321/img/candidatos/carlos-jaico.webp:0
[ 1244539ms] [ERROR] Failed to load resource: the server responded with a status of 404 (Not Found) @ http://localhost:4321/img/candidatos/francisco-diez-canseco.webp:0
[ 1244541ms] [ERROR] Failed to load resource: the server responded with a status of 404 (Not Found) @ http://localhost:4321/img/candidatos/joaquin-masse.webp:0
[ 1244541ms] [ERROR] Failed to load resource: the server responded with a status of 404 (Not Found) @ http://localhost:4321/img/candidatos/paul-jaimes.webp:0
[ 1244542ms] [ERROR] Failed to load resource: the server responded with a status of 404 (Not Found) @ http://localhost:4321/img/candidatos/ronald-atencio.webp:0
[ 1244547ms] [ERROR] Failed to load resource: the server responded with a status of 404 (Not Found) @ http://localhost:4321/img/candidatos/roberto-sanchez.webp:0
[ 1244549ms] [ERROR] Failed to load resource: the server responded with a status of 404 (Not Found) @ http://localhost:4321/img/candidatos/lopez-aliaga.webp:0
[ 1244550ms] [ERROR] Failed to load resource: the server responded with a status of 404 (Not Found) @ http://localhost:4321/img/candidatos/alfonso-lopez-chau.webp:0
[ 1244552ms] [ERROR] Failed to load resource: the server responded with a status of 404 (Not Found) @ http://localhost:4321/img/candidatos/marisol-perez-tello.webp:0
[ 1244558ms] [ERROR] Failed to load resource: the server responded with a status of 404 (Not Found) @ http://localhost:4321/img/candidatos/vladimir-cerron.webp:0
[ 1244569ms] [ERROR] Failed to load resource: the server responded with a status of 404 (Not Found) @ http://localhost:4321/img/candidatos/ricardo-belmont.webp:0
[ 1244569ms] [ERROR] Failed to load resource: the server responded with a status of 404 (Not Found) @ http://localhost:4321/img/candidatos/fernando-olivera.webp:0
[ 1244573ms] [ERROR] Failed to load resource: the server responded with a status of 404 (Not Found) @ http://localhost:4321/img/candidatos/mesias-guevara.webp:0
[ 1244578ms] [ERROR] Failed to load resource: the server responded with a status of 404 (Not Found) @ http://localhost:4321/img/candidatos/yonhy-lescano.webp:0
[ 1244578ms] [ERROR] Failed to load resource: the server responded with a status of 404 (Not Found) @ http://localhost:4321/img/candidatos/george-forsyth.webp:0
[ 1244579ms] [ERROR] Failed to load resource: the server responded with a status of 404 (Not Found) @ http://localhost:4321/img/candidatos/armando-masse.webp:0
[ 1244603ms] [ERROR] Failed to load resource: the server responded with a status of 404 (Not Found) @ http://localhost:4321/img/candidatos/jose-luna-galvez.webp:0
[ 1244609ms] [ERROR] Failed to load resource: the server responded with a status of 404 (Not Found) @ http://localhost:4321/img/candidatos/keiko-fujimori.webp:0
[ 1244617ms] [ERROR] Failed to load resource: the server responded with a status of 404 (Not Found) @ http://localhost:4321/img/candidatos/napoleon-becerra.webp:0
[ 1244623ms] [ERROR] Failed to load resource: the server responded with a status of 404 (Not Found) @ http://localhost:4321/img/candidatos/walter-chirinos.webp:0
[ 1244626ms] [ERROR] Failed to load resource: the server responded with a status of 404 (Not Found) @ http://localhost:4321/img/candidatos/fiorella-molinelli.webp:0
[ 1244627ms] [ERROR] Failed to load resource: the server responded with a status of 404 (Not Found) @ http://localhost:4321/img/candidatos/roberto-chiabra.webp:0
[ 1244632ms] [ERROR] Failed to load resource: the server responded with a status of 404 (Not Found) @ http://localhost:4321/img/candidatos/jose-williams.webp:0
[ 1244635ms] [ERROR] Failed to load resource: the server responded with a status of 404 (Not Found) @ http://localhost:4321/img/candidatos/cesar-acuna.webp:0
[ 1244636ms] [ERROR] Failed to load resource: the server responded with a status of 404 (Not Found) @ http://localhost:4321/img/candidatos/mario-vizcarra.webp:0
[ 1244652ms] [ERROR] Failed to load resource: the server responded with a status of 404 (Not Found) @ http://localhost:4321/img/candidatos/alfredo-barnechea.webp:0
[ 1244659ms] [ERROR] Failed to load resource: the server responded with a status of 404 (Not Found) @ http://localhost:4321/img/candidatos/herbert-kaller.webp:0
[ 1244661ms] [ERROR] Failed to load resource: the server responded with a status of 404 (Not Found) @ http://localhost:4321/img/candidatos/wolfgang-grozo.webp:0
[ 1244669ms] [ERROR] Failed to load resource: the server responded with a status of 404 (Not Found) @ http://localhost:4321/img/candidatos/jose-williams.webp:0
[ 1244673ms] [ERROR] Failed to load resource: the server responded with a status of 404 (Not Found) @ http://localhost:4321/img/candidatos/alvaro-paz.webp:0
[ 1244677ms] [ERROR] Failed to load resource: the server responded with a status of 404 (Not Found) @ http://localhost:4321/img/candidatos/charlie-carrasco.webp:0
[ 1244682ms] [ERROR] Failed to load resource: the server responded with a status of 404 (Not Found) @ http://localhost:4321/img/candidatos/jorge-nieto.webp:0
[ 1244684ms] [ERROR] Failed to load resource: the server responded with a status of 404 (Not Found) @ http://localhost:4321/img/candidatos/rosario-fernandez.webp:0
[ 1244686ms] [ERROR] Failed to load resource: the server responded with a status of 404 (Not Found) @ http://localhost:4321/img/candidatos/rafael-belaunde.webp:0
[ 1244691ms] [ERROR] Failed to load resource: the server responded with a status of 404 (Not Found) @ http://localhost:4321/img/candidatos/antonio-ortiz.webp:0
[ 1244693ms] [ERROR] Failed to load resource: the server responded with a status of 404 (Not Found) @ http://localhost:4321/img/candidatos/carlos-alvarez.webp:0
[ 1244698ms] [ERROR] Failed to load resource: the server responded with a status of 404 (Not Found) @ http://localhost:4321/img/candidatos/carlos-espa.webp:0
[ 1244700ms] [ERROR] Failed to load resource: the server responded with a status of 404 (Not Found) @ http://localhost:4321/img/candidatos/carlos-jaico.webp:0
[ 1244703ms] [ERROR] Failed to load resource: the server responded with a status of 404 (Not Found) @ http://localhost:4321/img/candidatos/francisco-diez-canseco.webp:0
[ 1244707ms] [ERROR] Failed to load resource: the server responded with a status of 404 (Not Found) @ http://localhost:4321/img/candidatos/joaquin-masse.webp:0
[ 1244709ms] [ERROR] Failed to load resource: the server responded with a status of 404 (Not Found) @ http://localhost:4321/img/candidatos/paul-jaimes.webp:0
[ 1244711ms] [ERROR] Failed to load resource: the server responded with a status of 404 (Not Found) @ http://localhost:4321/img/candidatos/ronald-atencio.webp:0
[ 1244716ms] [ERROR] Failed to load resource: the server responded with a status of 404 (Not Found) @ http://localhost:4321/img/candidatos/vladimir-cerron.webp:0
[ 1244718ms] [ERROR] Failed to load resource: the server responded with a status of 404 (Not Found) @ http://localhost:4321/img/candidatos/roberto-sanchez.webp:0
[ 1244721ms] [ERROR] Failed to load resource: the server responded with a status of 404 (Not Found) @ http://localhost:4321/img/candidatos/lopez-aliaga.webp:0
[ 1244725ms] [ERROR] Failed to load resource: the server responded with a status of 404 (Not Found) @ http://localhost:4321/img/candidatos/alfonso-lopez-chau.webp:0
[ 1244726ms] [ERROR] Failed to load resource: the server responded with a status of 404 (Not Found) @ http://localhost:4321/img/candidatos/marisol-perez-tello.webp:0
[ 1244728ms] [ERROR] Failed to load resource: the server responded with a status of 404 (Not Found) @ http://localhost:4321/img/candidatos/ricardo-belmont.webp:0
[ 1244733ms] [ERROR] Failed to load resource: the server responded with a status of 404 (Not Found) @ http://localhost:4321/img/candidatos/fernando-olivera.webp:0
[ 1244736ms] [ERROR] Failed to load resource: the server responded with a status of 404 (Not Found) @ http://localhost:4321/img/candidatos/mesias-guevara.webp:0
[ 1244741ms] [ERROR] Failed to load resource: the server responded with a status of 404 (Not Found) @ http://localhost:4321/img/candidatos/yonhy-lescano.webp:0
[ 1244743ms] [ERROR] Failed to load resource: the server responded with a status of 404 (Not Found) @ http://localhost:4321/img/candidatos/george-forsyth.webp:0
[ 1244745ms] [ERROR] Failed to load resource: the server responded with a status of 404 (Not Found) @ http://localhost:4321/img/candidatos/armando-masse.webp:0
[ 1244749ms] [ERROR] Failed to load resource: the server responded with a status of 404 (Not Found) @ http://localhost:4321/img/candidatos/jose-luna-galvez.webp:0
[ 1244751ms] [ERROR] Failed to load resource: the server responded with a status of 404 (Not Found) @ http://localhost:4321/img/candidatos/keiko-fujimori.webp:0
[ 1244753ms] [ERROR] Failed to load resource: the server responded with a status of 404 (Not Found) @ http://localhost:4321/img/candidatos/napoleon-becerra.webp:0
[ 1244757ms] [ERROR] Failed to load resource: the server responded with a status of 404 (Not Found) @ http://localhost:4321/img/candidatos/walter-chirinos.webp:0
[ 1244759ms] [ERROR] Failed to load resource: the server responded with a status of 404 (Not Found) @ http://localhost:4321/img/candidatos/fiorella-molinelli.webp:0
[ 1244760ms] [ERROR] Failed to load resource: the server responded with a status of 404 (Not Found) @ http://localhost:4321/img/candidatos/roberto-chiabra.webp:0
[ 1244762ms] [ERROR] Failed to load resource: the server responded with a status of 404 (Not Found) @ http://localhost:4321/img/candidatos/cesar-acuna.webp:0
[ 1244765ms] [ERROR] Failed to load resource: the server responded with a status of 404 (Not Found) @ http://localhost:4321/img/candidatos/mario-vizcarra.webp:0
[ 1244767ms] [ERROR] Failed to load resource: the server responded with a status of 404 (Not Found) @ http://localhost:4321/img/candidatos/alfredo-barnechea.webp:0
[ 1244769ms] [ERROR] Failed to load resource: the server responded with a status of 404 (Not Found) @ http://localhost:4321/img/candidatos/herbert-kaller.webp:0
[ 1244770ms] [ERROR] Failed to load resource: the server responded with a status of 404 (Not Found) @ http://localhost:4321/img/candidatos/wolfgang-grozo.webp:0
